
   INFO  Horizon started successfully.  

  2025-03-11 00:30:30 App\Jobs\ReloadApp ............................. RUNNING
  2025-03-11 00:30:30 App\Jobs\ReloadApp ........................ 16.25ms DONE
  2025-03-11 00:30:36 App\Jobs\ReloadApp ............................. RUNNING
  2025-03-11 00:30:36 App\Jobs\ReloadApp ........................ 21.10ms DONE
  2025-03-11 00:32:48 App\Listeners\PlaylistListener ................. RUNNING
  2025-03-11 00:32:48 App\Listeners\PlaylistListener ............ 15.66ms DONE
  2025-03-11 00:32:48 App\Jobs\ProcessM3uImport ...................... RUNNING
  2025-03-11 00:32:48 App\Jobs\ProcessM3uImport ................ 208.93ms DONE
  2025-03-11 00:32:48 Filament\Notifications\BroadcastNotification ... RUNNING
  2025-03-11 00:32:48 Filament\Notifications\BroadcastNotification  3.15ms DONE
  2025-03-11 00:32:48 Filament\Notifications\DatabaseNotification .... RUNNING
  2025-03-11 00:32:48 Filament\Notifications\DatabaseNotification  9.37ms DONE
  2025-03-11 00:32:48 Illuminate\Notifications\Events\BroadcastNotificationCreated  RUNNING
  2025-03-11 00:32:48 Illuminate\Notifications\Events\BroadcastNotificationCreated  13.18ms DONE
  2025-03-11 00:33:03 App\Jobs\ReloadApp ............................. RUNNING
  2025-03-11 00:33:03 App\Jobs\ReloadApp ........................ 19.21ms DONE
  2025-03-11 00:36:30 App\Listeners\PlaylistListener ................. RUNNING
  2025-03-11 00:36:30 App\Listeners\PlaylistListener ............ 20.97ms DONE
  2025-03-11 00:36:30 App\Jobs\ProcessM3uImport ...................... RUNNING
  2025-03-11 00:36:30 App\Jobs\ProcessM3uImport ................ 231.89ms DONE
  2025-03-11 00:36:30 Filament\Notifications\BroadcastNotification ... RUNNING
  2025-03-11 00:36:30 Filament\Notifications\BroadcastNotification  3.23ms DONE
  2025-03-11 00:36:30 Filament\Notifications\DatabaseNotification .... RUNNING
  2025-03-11 00:36:30 Filament\Notifications\DatabaseNotification  9.81ms DONE
  2025-03-11 00:36:30 Illuminate\Notifications\Events\BroadcastNotificationCreated  RUNNING
  2025-03-11 00:36:30 Illuminate\Notifications\Events\BroadcastNotificationCreated  4.58ms DONE
  2025-03-11 00:36:45 App\Jobs\ReloadApp ............................. RUNNING
  2025-03-11 00:36:45 App\Jobs\ReloadApp ........................ 26.64ms DONE
  2025-03-11 00:39:33 App\Listeners\PlaylistListener ................. RUNNING
  2025-03-11 00:39:33 App\Listeners\PlaylistListener ............ 16.50ms DONE
  2025-03-11 00:39:33 App\Jobs\ProcessM3uImport ...................... RUNNING
  2025-03-11 00:39:37 App\Jobs\ProcessM3uImport ...................... 3s DONE
  2025-03-11 00:39:39 Filament\Notifications\DatabaseNotification .... RUNNING
  2025-03-11 00:39:39 Filament\Notifications\DatabaseNotification  26.46ms DONE
  2025-03-11 00:39:39 Filament\Notifications\BroadcastNotification ... RUNNING
  2025-03-11 00:39:39 Filament\Notifications\BroadcastNotification  18.38ms DONE
  2025-03-11 00:39:39 Illuminate\Notifications\Events\BroadcastNotificationCreated  RUNNING
  2025-03-11 00:39:39 Illuminate\Notifications\Events\BroadcastNotificationCreated  8.78ms DONE
  2025-03-11 00:39:54 App\Jobs\ProcessM3uImport ...................... RUNNING
  2025-03-11 00:39:55 App\Jobs\ProcessM3uImport ................. 84.37ms DONE
  2025-03-11 00:39:55 App\Jobs\ProcessM3uImport ...................... RUNNING
  2025-03-11 00:39:55 App\Jobs\ProcessM3uImport ................ 496.84ms DONE
  2025-03-11 00:39:55 Filament\Notifications\BroadcastNotification ... RUNNING
  2025-03-11 00:39:55 Filament\Notifications\BroadcastNotification  2.13ms DONE
  2025-03-11 00:39:55 Filament\Notifications\DatabaseNotification .... RUNNING
  2025-03-11 00:39:55 Filament\Notifications\DatabaseNotification  8.71ms DONE
  2025-03-11 00:39:55 Illuminate\Notifications\Events\BroadcastNotificationCreated  RUNNING
  2025-03-11 00:39:55 Illuminate\Notifications\Events\BroadcastNotificationCreated  3.09ms DONE
  2025-03-11 00:39:54 App\Jobs\ProcessM3uImport ...................... RUNNING
  2025-03-11 00:39:55 App\Jobs\ProcessM3uImport ................ 396.63ms DONE
  2025-03-11 00:39:55 Filament\Notifications\BroadcastNotification ... RUNNING
  2025-03-11 00:39:55 Filament\Notifications\BroadcastNotification  4.82ms DONE
  2025-03-11 00:39:55 Filament\Notifications\DatabaseNotification .... RUNNING
  2025-03-11 00:39:55 Filament\Notifications\DatabaseNotification  8.87ms DONE
  2025-03-11 00:39:55 Illuminate\Notifications\Events\BroadcastNotificationCreated  RUNNING
  2025-03-11 00:39:55 Illuminate\Notifications\Events\BroadcastNotificationCreated  4.41ms DONE
  2025-03-11 00:39:58 Filament\Notifications\BroadcastNotification ... RUNNING
  2025-03-11 00:39:58 Filament\Notifications\BroadcastNotification  2.57ms DONE
  2025-03-11 00:39:58 Filament\Notifications\DatabaseNotification .... RUNNING
  2025-03-11 00:39:58 Filament\Notifications\DatabaseNotification  9.03ms DONE
  2025-03-11 00:39:58 Illuminate\Notifications\Events\BroadcastNotificationCreated  RUNNING
  2025-03-11 00:39:58 Illuminate\Notifications\Events\BroadcastNotificationCreated  3.44ms DONE
  2025-03-11 00:39:57 App\Jobs\ProcessM3uImportChunk ................. RUNNING
  2025-03-11 00:39:57 App\Jobs\ProcessM3uImportChunk ........... 136.33ms DONE
  2025-03-11 00:39:57 App\Jobs\ProcessM3uImportComplete .............. RUNNING
  2025-03-11 00:39:57 App\Jobs\ProcessM3uImportComplete ......... 23.52ms DONE
  2025-03-11 00:40:06 App\Jobs\ProcessM3uImport ...................... RUNNING
  2025-03-11 00:40:08 App\Jobs\ProcessM3uImport ...................... 1s DONE
  2025-03-11 00:40:08 Filament\Notifications\BroadcastNotification ... RUNNING
  2025-03-11 00:40:08 Filament\Notifications\BroadcastNotification  2.92ms DONE
  2025-03-11 00:40:08 Filament\Notifications\DatabaseNotification .... RUNNING
  2025-03-11 00:40:08 Filament\Notifications\DatabaseNotification  9.17ms DONE
  2025-03-11 00:40:08 Illuminate\Notifications\Events\BroadcastNotificationCreated  RUNNING
  2025-03-11 00:40:08 Illuminate\Notifications\Events\BroadcastNotificationCreated  4.17ms DONE
  2025-03-11 00:41:31 App\Listeners\PlaylistListener ................. RUNNING
  2025-03-11 00:41:31 App\Listeners\PlaylistListener ............ 19.22ms DONE
  2025-03-11 00:41:31 App\Jobs\ProcessM3uImport ...................... RUNNING
  2025-03-11 00:41:31 App\Jobs\ProcessM3uImport ................. 75.58ms DONE
  2025-03-11 00:41:34 Filament\Notifications\BroadcastNotification ... RUNNING
  2025-03-11 00:41:34 Filament\Notifications\BroadcastNotification  4.94ms DONE
  2025-03-11 00:41:34 Filament\Notifications\DatabaseNotification .... RUNNING
  2025-03-11 00:41:34 Filament\Notifications\DatabaseNotification  8.92ms DONE
  2025-03-11 00:41:34 Illuminate\Notifications\Events\BroadcastNotificationCreated  RUNNING
  2025-03-11 00:41:34 Illuminate\Notifications\Events\BroadcastNotificationCreated  8.13ms DONE
  2025-03-11 00:41:34 App\Jobs\ProcessM3uImportChunk ................. RUNNING
  2025-03-11 00:41:34 App\Jobs\ProcessM3uImportChunk ............ 52.27ms DONE
  2025-03-11 00:41:34 App\Jobs\ProcessM3uImportComplete .............. RUNNING
  2025-03-11 00:41:34 App\Jobs\ProcessM3uImportComplete ......... 21.10ms DONE
  2025-03-11 00:42:31 App\Jobs\ProcessM3uImport ...................... RUNNING
  2025-03-11 00:42:31 App\Jobs\ProcessM3uImport ................ 212.46ms DONE
  2025-03-11 00:42:31 Filament\Notifications\BroadcastNotification ... RUNNING
  2025-03-11 00:42:31 Filament\Notifications\BroadcastNotification  3.13ms DONE
  2025-03-11 00:42:31 Filament\Notifications\DatabaseNotification .... RUNNING
  2025-03-11 00:42:31 Filament\Notifications\DatabaseNotification  7.87ms DONE
  2025-03-11 00:42:31 Illuminate\Notifications\Events\BroadcastNotificationCreated  RUNNING
  2025-03-11 00:42:31 Illuminate\Notifications\Events\BroadcastNotificationCreated  3.12ms DONE
  2025-03-11 00:42:43 App\Jobs\ProcessM3uImport ...................... RUNNING
  2025-03-11 00:42:47 App\Jobs\ProcessM3uImport ...................... 3s DONE
  2025-03-11 00:42:49 App\Jobs\ProcessM3uImportChunk ................. RUNNING
  2025-03-11 00:42:49 App\Jobs\ProcessM3uImportChunk ............ 48.83ms DONE
  2025-03-11 00:42:49 App\Jobs\ProcessM3uImportComplete .............. RUNNING
  2025-03-11 00:42:49 App\Jobs\ProcessM3uImportComplete ......... 20.70ms DONE
  2025-03-11 00:42:50 Filament\Notifications\BroadcastNotification ... RUNNING
  2025-03-11 00:42:50 Filament\Notifications\BroadcastNotification  2.28ms DONE
  2025-03-11 00:42:50 Filament\Notifications\DatabaseNotification .... RUNNING
  2025-03-11 00:42:50 Filament\Notifications\DatabaseNotification  7.65ms DONE
  2025-03-11 00:42:50 Illuminate\Notifications\Events\BroadcastNotificationCreated  RUNNING
  2025-03-11 00:42:50 Illuminate\Notifications\Events\BroadcastNotificationCreated  3.06ms DONE
  2025-03-11 00:45:11 App\Jobs\ProcessM3uImport ...................... RUNNING
  2025-03-11 00:45:11 App\Jobs\ProcessM3uImport ................ 348.44ms DONE
  2025-03-11 00:45:11 App\Jobs\ProcessM3uImport ...................... RUNNING
  2025-03-11 00:45:13 App\Jobs\ProcessM3uImport ...................... 1s DONE
  2025-03-11 00:45:13 App\Jobs\ProcessM3uImport ...................... RUNNING
  2025-03-11 00:45:13 App\Jobs\ProcessM3uImport ................. 59.15ms DONE
  2025-03-11 00:45:13 Filament\Notifications\BroadcastNotification ... RUNNING
  2025-03-11 00:45:13 Filament\Notifications\BroadcastNotification  2.17ms DONE
  2025-03-11 00:45:13 Filament\Notifications\DatabaseNotification .... RUNNING
  2025-03-11 00:45:13 Filament\Notifications\DatabaseNotification  8.17ms DONE
  2025-03-11 00:45:13 Filament\Notifications\BroadcastNotification ... RUNNING
  2025-03-11 00:45:13 Filament\Notifications\BroadcastNotification  2.17ms DONE
  2025-03-11 00:45:13 Filament\Notifications\DatabaseNotification .... RUNNING
  2025-03-11 00:45:13 Filament\Notifications\DatabaseNotification  8.19ms DONE
  2025-03-11 00:45:13 Illuminate\Notifications\Events\BroadcastNotificationCreated  RUNNING
  2025-03-11 00:45:13 Illuminate\Notifications\Events\BroadcastNotificationCreated  3.53ms DONE
  2025-03-11 00:45:13 Illuminate\Notifications\Events\BroadcastNotificationCreated  RUNNING
  2025-03-11 00:45:13 Illuminate\Notifications\Events\BroadcastNotificationCreated  2.56ms DONE
  2025-03-11 00:45:13 App\Jobs\ProcessM3uImport ...................... RUNNING
  2025-03-11 00:45:13 App\Jobs\ProcessM3uImportChunk ................. RUNNING
  2025-03-11 00:45:13 App\Jobs\ProcessM3uImportChunk ........... 117.36ms DONE
  2025-03-11 00:45:13 App\Jobs\ProcessM3uImportComplete .............. RUNNING
  2025-03-11 00:45:13 App\Jobs\ProcessM3uImportComplete ......... 13.01ms DONE
  2025-03-11 00:45:15 App\Jobs\ProcessM3uImport ...................... 1s DONE
  2025-03-11 00:45:16 App\Jobs\ProcessM3uImportComplete .............. RUNNING
  2025-03-11 00:45:16 App\Jobs\ProcessM3uImportComplete ......... 22.49ms DONE
  2025-03-11 00:45:16 App\Jobs\ProcessM3uImportChunk ................. RUNNING
  2025-03-11 00:45:16 App\Jobs\ProcessM3uImportChunk ............ 56.17ms DONE
  2025-03-11 00:45:16 App\Jobs\ProcessM3uImportChunk ................. RUNNING
  2025-03-11 00:45:16 App\Jobs\ProcessM3uImportChunk ............ 31.49ms DONE
  2025-03-11 00:45:16 App\Jobs\ProcessM3uImportComplete .............. RUNNING
  2025-03-11 00:45:16 App\Jobs\ProcessM3uImportComplete ......... 21.43ms DONE
  2025-03-11 00:45:18 Filament\Notifications\BroadcastNotification ... RUNNING
  2025-03-11 00:45:18 Filament\Notifications\BroadcastNotification  5.15ms DONE
  2025-03-11 00:45:18 Filament\Notifications\DatabaseNotification .... RUNNING
  2025-03-11 00:45:18 Filament\Notifications\DatabaseNotification  9.75ms DONE
  2025-03-11 00:45:18 Filament\Notifications\BroadcastNotification ... RUNNING
  2025-03-11 00:45:18 Filament\Notifications\BroadcastNotification  2.15ms DONE
  2025-03-11 00:45:18 Filament\Notifications\DatabaseNotification .... RUNNING
  2025-03-11 00:45:18 Filament\Notifications\DatabaseNotification  7.50ms DONE
  2025-03-11 00:45:18 Illuminate\Notifications\Events\BroadcastNotificationCreated  RUNNING
  2025-03-11 00:45:18 Illuminate\Notifications\Events\BroadcastNotificationCreated  4.25ms DONE
  2025-03-11 00:45:18 Illuminate\Notifications\Events\BroadcastNotificationCreated  RUNNING
  2025-03-11 00:45:18 Illuminate\Notifications\Events\BroadcastNotificationCreated  2.79ms DONE
  2025-03-11 00:45:48 App\Jobs\ProcessM3uImport ...................... RUNNING
  2025-03-11 00:45:50 App\Jobs\ProcessM3uImport ...................... 2s DONE
  2025-03-11 00:45:52 App\Jobs\ProcessM3uImportChunk ................. RUNNING
  2025-03-11 00:45:52 App\Jobs\ProcessM3uImportChunk ........... 110.65ms DONE
  2025-03-11 00:45:52 App\Jobs\ProcessM3uImportComplete .............. RUNNING
  2025-03-11 00:45:52 App\Jobs\ProcessM3uImportComplete ......... 21.95ms DONE
  2025-03-11 00:45:53 Filament\Notifications\BroadcastNotification ... RUNNING
  2025-03-11 00:45:53 Filament\Notifications\BroadcastNotification  2.42ms DONE
  2025-03-11 00:45:53 Filament\Notifications\DatabaseNotification .... RUNNING
  2025-03-11 00:45:53 Filament\Notifications\DatabaseNotification  8.17ms DONE
  2025-03-11 00:45:53 Illuminate\Notifications\Events\BroadcastNotificationCreated  RUNNING
  2025-03-11 00:45:53 Illuminate\Notifications\Events\BroadcastNotificationCreated  3.06ms DONE
  2025-03-11 00:47:25 App\Listeners\EpgListener ...................... RUNNING
  2025-03-11 00:47:25 App\Listeners\EpgListener ................. 17.54ms DONE
  2025-03-11 00:47:25 App\Jobs\ProcessEpgImport ...................... RUNNING
  2025-03-11 00:47:26 App\Jobs\ProcessEpgImport ...................... 1s DONE
  2025-03-11 00:47:28 App\Jobs\ProcessEpgImportChunk ................. RUNNING
  2025-03-11 00:47:28 App\Jobs\ProcessEpgImportChunk ........... 137.85ms DONE
  2025-03-11 00:47:28 App\Jobs\ProcessEpgImportComplete .............. RUNNING
  2025-03-11 00:47:28 App\Jobs\ProcessEpgImportComplete ......... 20.99ms DONE
  2025-03-11 00:47:29 Filament\Notifications\BroadcastNotification ... RUNNING
  2025-03-11 00:47:29 Filament\Notifications\BroadcastNotification  4.97ms DONE
  2025-03-11 00:47:29 Filament\Notifications\DatabaseNotification .... RUNNING
  2025-03-11 00:47:29 Filament\Notifications\DatabaseNotification  9.79ms DONE
  2025-03-11 00:47:29 Illuminate\Notifications\Events\BroadcastNotificationCreated  RUNNING
  2025-03-11 00:47:29 Illuminate\Notifications\Events\BroadcastNotificationCreated  4.20ms DONE
  2025-03-11 00:48:04 App\Listeners\EpgListener ...................... RUNNING
  2025-03-11 00:48:04 App\Listeners\EpgListener ................. 18.76ms DONE
  2025-03-11 00:48:04 App\Jobs\ProcessEpgImport ...................... RUNNING
  2025-03-11 00:48:13 App\Jobs\ProcessEpgImport ...................... 8s DONE
  2025-03-11 00:48:13 App\Jobs\ProcessEpgImportChunk ................. RUNNING
  2025-03-11 00:48:14 App\Jobs\ProcessEpgImportChunk ........... 879.52ms DONE
  2025-03-11 00:48:14 App\Jobs\ProcessEpgImportComplete .............. RUNNING
  2025-03-11 00:48:14 App\Jobs\ProcessEpgImportComplete ......... 21.57ms DONE
  2025-03-11 00:48:16 Filament\Notifications\BroadcastNotification ... RUNNING
  2025-03-11 00:48:16 Filament\Notifications\BroadcastNotification  5.25ms DONE
  2025-03-11 00:48:16 Filament\Notifications\DatabaseNotification .... RUNNING
  2025-03-11 00:48:16 Filament\Notifications\DatabaseNotification  9.53ms DONE
  2025-03-11 00:48:16 Illuminate\Notifications\Events\BroadcastNotificationCreated  RUNNING
  2025-03-11 00:48:16 Illuminate\Notifications\Events\BroadcastNotificationCreated  4.08ms DONE
  2025-03-11 00:48:34 App\Listeners\EpgListener ...................... RUNNING
  2025-03-11 00:48:34 App\Listeners\EpgListener .................. 2.64ms DONE
  2025-03-11 00:48:34 App\Jobs\ProcessEpgImport ...................... RUNNING
  2025-03-11 00:48:34 App\Jobs\ProcessEpgImport ................ 734.91ms DONE
  2025-03-11 00:48:35 App\Jobs\ProcessEpgImportChunk ................. RUNNING
  2025-03-11 00:48:35 App\Jobs\ProcessEpgImportChunk ............ 60.82ms DONE
  2025-03-11 00:48:35 App\Jobs\ProcessEpgImportComplete .............. RUNNING
  2025-03-11 00:48:35 App\Jobs\ProcessEpgImportComplete ......... 14.06ms DONE
  2025-03-11 00:48:37 Filament\Notifications\BroadcastNotification ... RUNNING
  2025-03-11 00:48:37 Filament\Notifications\BroadcastNotification  18.37ms DONE
  2025-03-11 00:48:37 Filament\Notifications\DatabaseNotification .... RUNNING
  2025-03-11 00:48:37 Filament\Notifications\DatabaseNotification  11.53ms DONE
  2025-03-11 00:48:37 Illuminate\Notifications\Events\BroadcastNotificationCreated  RUNNING
  2025-03-11 00:48:37 Illuminate\Notifications\Events\BroadcastNotificationCreated  8.23ms DONE
  2025-03-11 00:50:16 App\Listeners\EpgListener ...................... RUNNING
  2025-03-11 00:50:16 App\Listeners\EpgListener .................. 4.51ms DONE
  2025-03-11 00:50:16 App\Jobs\ProcessEpgImport ...................... RUNNING
  2025-03-11 00:50:52 App\Jobs\ProcessEpgImport ..................... 35s DONE
  2025-03-11 00:50:52 App\Jobs\ProcessEpgImportChunk ................. RUNNING
  2025-03-11 00:50:53 App\Jobs\ProcessEpgImportChunk ........... 980.25ms DONE
  2025-03-11 00:50:53 App\Jobs\ProcessEpgImportChunk ................. RUNNING
  2025-03-11 00:50:54 App\Jobs\ProcessEpgImportChunk ................. 1s DONE
  2025-03-11 00:50:54 App\Jobs\ProcessEpgImportChunk ................. RUNNING
  2025-03-11 00:50:55 App\Jobs\ProcessEpgImportChunk ................. 1s DONE
  2025-03-11 00:50:55 App\Jobs\ProcessEpgImportChunk ................. RUNNING
  2025-03-11 00:50:56 App\Jobs\ProcessEpgImportChunk ................. 1s DONE
  2025-03-11 00:50:56 App\Jobs\ProcessEpgImportChunk ................. RUNNING
  2025-03-11 00:50:57 App\Jobs\ProcessEpgImportChunk ........... 148.74ms DONE
  2025-03-11 00:50:57 App\Jobs\ProcessEpgImportComplete .............. RUNNING
  2025-03-11 00:50:57 App\Jobs\ProcessEpgImportComplete ......... 26.50ms DONE
  2025-03-11 00:50:58 Filament\Notifications\BroadcastNotification ... RUNNING
  2025-03-11 00:50:58 Filament\Notifications\BroadcastNotification  25.72ms DONE
  2025-03-11 00:50:58 Filament\Notifications\DatabaseNotification .... RUNNING
  2025-03-11 00:50:58 Filament\Notifications\DatabaseNotification  11.72ms DONE
  2025-03-11 00:50:58 Illuminate\Notifications\Events\BroadcastNotificationCreated  RUNNING
  2025-03-11 00:50:58 Illuminate\Notifications\Events\BroadcastNotificationCreated  17.49ms DONE
  2025-03-11 00:51:31 App\Listeners\EpgListener ...................... RUNNING
  2025-03-11 00:51:31 App\Listeners\EpgListener ................. 11.68ms DONE
  2025-03-11 00:51:31 App\Jobs\ProcessEpgImport ...................... RUNNING
  2025-03-11 00:51:32 App\Jobs\ProcessEpgImport ................ 222.44ms DONE
  2025-03-11 00:51:32 Filament\Notifications\BroadcastNotification ... RUNNING
  2025-03-11 00:51:32 Filament\Notifications\BroadcastNotification  2.55ms DONE
  2025-03-11 00:51:32 Filament\Notifications\DatabaseNotification .... RUNNING
  2025-03-11 00:51:32 Filament\Notifications\DatabaseNotification  9.61ms DONE
  2025-03-11 00:51:32 Illuminate\Notifications\Events\BroadcastNotificationCreated  RUNNING
  2025-03-11 00:51:32 Illuminate\Notifications\Events\BroadcastNotificationCreated  3.13ms DONE
  2025-03-11 00:51:49 App\Jobs\ProcessEpgImport ...................... RUNNING
  2025-03-11 00:51:49 App\Jobs\ProcessEpgImport ................ 166.82ms DONE
  2025-03-11 00:51:49 Filament\Notifications\BroadcastNotification ... RUNNING
  2025-03-11 00:51:49 Filament\Notifications\BroadcastNotification  3.10ms DONE
  2025-03-11 00:51:49 Filament\Notifications\DatabaseNotification .... RUNNING
  2025-03-11 00:51:50 Filament\Notifications\DatabaseNotification  9.99ms DONE
  2025-03-11 00:51:50 Illuminate\Notifications\Events\BroadcastNotificationCreated  RUNNING
  2025-03-11 00:51:50 Illuminate\Notifications\Events\BroadcastNotificationCreated  3.93ms DONE
  2025-03-11 00:58:23 App\Jobs\ProcessM3uImport ...................... RUNNING
  2025-03-11 00:58:23 App\Jobs\ProcessM3uImport ................. 85.79ms DONE
  2025-03-11 00:58:23 Filament\Notifications\BroadcastNotification ... RUNNING
  2025-03-11 00:58:23 Filament\Notifications\BroadcastNotification  3.99ms DONE
  2025-03-11 00:58:23 Filament\Notifications\DatabaseNotification .... RUNNING
  2025-03-11 00:58:23 Filament\Notifications\DatabaseNotification  11.74ms DONE
  2025-03-11 00:58:23 Illuminate\Notifications\Events\BroadcastNotificationCreated  RUNNING
  2025-03-11 00:58:23 Illuminate\Notifications\Events\BroadcastNotificationCreated  10.51ms DONE
  2025-03-11 01:26:03 App\Jobs\MapPlaylistChannelsToEpg .............. RUNNING
  2025-03-11 01:26:04 App\Jobs\MapPlaylistChannelsToEpg .............. 1s DONE
  2025-03-11 01:26:04 App\Jobs\MapEpgToChannels ...................... RUNNING
  2025-03-11 01:26:04 App\Jobs\MapEpgToChannels ................. 54.18ms DONE
  2025-03-11 01:26:04 App\Jobs\MapEpgToChannelsComplete .............. RUNNING
  2025-03-11 01:26:04 App\Jobs\MapEpgToChannelsComplete ......... 14.08ms DONE
  2025-03-11 01:26:07 Filament\Notifications\BroadcastNotification ... RUNNING
  2025-03-11 01:26:07 Filament\Notifications\BroadcastNotification  5.52ms DONE
  2025-03-11 01:26:07 Filament\Notifications\DatabaseNotification .... RUNNING
  2025-03-11 01:26:07 Filament\Notifications\DatabaseNotification  9.76ms DONE
  2025-03-11 01:26:07 Illuminate\Notifications\Events\BroadcastNotificationCreated  RUNNING
  2025-03-11 01:26:07 Illuminate\Notifications\Events\BroadcastNotificationCreated  8.70ms DONE
  2025-03-11 01:26:46 App\Jobs\MapPlaylistChannelsToEpg .............. RUNNING
  2025-03-11 01:26:46 App\Jobs\MapPlaylistChannelsToEpg ........ 403.96ms DONE
  2025-03-11 01:26:49 Filament\Notifications\BroadcastNotification ... RUNNING
  2025-03-11 01:26:49 Filament\Notifications\BroadcastNotification  19.63ms DONE
  2025-03-11 01:26:49 Filament\Notifications\DatabaseNotification .... RUNNING
  2025-03-11 01:26:49 Filament\Notifications\DatabaseNotification  10.92ms DONE
  2025-03-11 01:26:49 Illuminate\Notifications\Events\BroadcastNotificationCreated  RUNNING
  2025-03-11 01:26:49 Illuminate\Notifications\Events\BroadcastNotificationCreated  9.05ms DONE
  2025-03-11 01:26:49 App\Jobs\MapEpgToChannels ...................... RUNNING
  2025-03-11 01:26:49 App\Jobs\MapEpgToChannels ................. 35.46ms DONE
  2025-03-11 01:26:49 App\Jobs\MapEpgToChannelsComplete .............. RUNNING
  2025-03-11 01:26:49 App\Jobs\MapEpgToChannelsComplete ......... 12.69ms DONE

   INFO  Horizon started successfully.  

  2025-03-11 01:46:26 App\Jobs\MapPlaylistChannelsToEpg .............. RUNNING
  2025-03-11 01:46:29 App\Jobs\MapPlaylistChannelsToEpg .............. 2s DONE
  2025-03-11 01:46:29 App\Jobs\MapEpgToChannels ...................... RUNNING
  2025-03-11 01:46:29 App\Jobs\MapEpgToChannels ................ 103.44ms DONE
  2025-03-11 01:46:29 App\Jobs\MapEpgToChannelsComplete .............. RUNNING
  2025-03-11 01:46:29 App\Jobs\MapEpgToChannelsComplete ......... 20.78ms DONE
  2025-03-11 01:46:32 Filament\Notifications\BroadcastNotification ... RUNNING
  2025-03-11 01:46:32 Filament\Notifications\BroadcastNotification  9.06ms DONE
  2025-03-11 01:46:32 Filament\Notifications\DatabaseNotification .... RUNNING
  2025-03-11 01:46:32 Filament\Notifications\DatabaseNotification  9.15ms DONE
  2025-03-11 01:46:32 Illuminate\Notifications\Events\BroadcastNotificationCreated  RUNNING
  2025-03-11 01:46:32 Illuminate\Notifications\Events\BroadcastNotificationCreated  23.29ms DONE

   INFO  Horizon started successfully.  

  2025-03-11 01:52:41 App\Jobs\ProcessM3uImport ...................... RUNNING
  2025-03-11 01:52:41 App\Jobs\ProcessM3uImport ...................... RUNNING
  2025-03-11 01:52:41 App\Jobs\ProcessM3uImport ................ 415.36ms DONE
  2025-03-11 01:52:41 App\Jobs\ProcessM3uImport ...................... RUNNING
  2025-03-11 01:52:43 App\Jobs\ProcessM3uImport ...................... 2s DONE
  2025-03-11 01:52:43 App\Jobs\ProcessM3uImport ...................... 1s DONE
  2025-03-11 01:52:43 App\Jobs\ProcessM3uImport ...................... RUNNING
  2025-03-11 01:52:43 App\Jobs\ProcessM3uImport ................. 46.50ms DONE
  2025-03-11 01:52:43 Filament\Notifications\BroadcastNotification ... RUNNING
  2025-03-11 01:52:43 Filament\Notifications\BroadcastNotification  3.10ms DONE
  2025-03-11 01:52:43 Filament\Notifications\DatabaseNotification .... RUNNING
  2025-03-11 01:52:43 Filament\Notifications\DatabaseNotification  9.59ms DONE
  2025-03-11 01:52:43 Illuminate\Notifications\Events\BroadcastNotificationCreated  RUNNING
  2025-03-11 01:52:43 Illuminate\Notifications\Events\BroadcastNotificationCreated  18.25ms DONE
  2025-03-11 01:52:44 App\Jobs\ProcessM3uImportComplete .............. RUNNING
  2025-03-11 01:52:44 App\Jobs\ProcessM3uImportComplete ......... 38.12ms DONE
  2025-03-11 01:52:44 App\Jobs\ProcessM3uImportChunk ................. RUNNING
  2025-03-11 01:52:44 App\Jobs\ProcessM3uImportChunk ........... 116.70ms DONE
  2025-03-11 01:52:44 App\Jobs\ProcessM3uImportChunk ................. RUNNING
  2025-03-11 01:52:44 App\Jobs\ProcessM3uImportChunk ............ 28.85ms DONE
  2025-03-11 01:52:44 App\Jobs\ProcessM3uImportChunk ................. RUNNING
  2025-03-11 01:52:44 App\Jobs\ProcessM3uImportChunk ............ 64.52ms DONE
  2025-03-11 01:52:44 App\Jobs\ProcessM3uImportComplete .............. RUNNING
  2025-03-11 01:52:44 App\Jobs\ProcessM3uImportComplete ......... 21.75ms DONE
  2025-03-11 01:52:44 App\Jobs\ProcessM3uImportComplete .............. RUNNING
  2025-03-11 01:52:44 App\Jobs\ProcessM3uImportComplete ......... 13.87ms DONE
  2025-03-11 01:52:46 Filament\Notifications\BroadcastNotification ... RUNNING
  2025-03-11 01:52:46 Filament\Notifications\BroadcastNotification  2.34ms DONE
  2025-03-11 01:52:46 Filament\Notifications\DatabaseNotification .... RUNNING
  2025-03-11 01:52:46 Filament\Notifications\DatabaseNotification  9.17ms DONE
  2025-03-11 01:52:46 Filament\Notifications\BroadcastNotification ... RUNNING
  2025-03-11 01:52:46 Filament\Notifications\BroadcastNotification  2.20ms DONE
  2025-03-11 01:52:46 Filament\Notifications\DatabaseNotification .... RUNNING
  2025-03-11 01:52:46 Filament\Notifications\DatabaseNotification  8.11ms DONE
  2025-03-11 01:52:46 Filament\Notifications\BroadcastNotification ... RUNNING
  2025-03-11 01:52:46 Filament\Notifications\BroadcastNotification  2.24ms DONE
  2025-03-11 01:52:46 Filament\Notifications\DatabaseNotification .... RUNNING
  2025-03-11 01:52:46 Filament\Notifications\DatabaseNotification  8.27ms DONE
  2025-03-11 01:52:46 Illuminate\Notifications\Events\BroadcastNotificationCreated  RUNNING
  2025-03-11 01:52:46 Illuminate\Notifications\Events\BroadcastNotificationCreated  3.35ms DONE
  2025-03-11 01:52:46 Illuminate\Notifications\Events\BroadcastNotificationCreated  RUNNING
  2025-03-11 01:52:46 Illuminate\Notifications\Events\BroadcastNotificationCreated  2.85ms DONE
  2025-03-11 01:52:46 Illuminate\Notifications\Events\BroadcastNotificationCreated  RUNNING
  2025-03-11 01:52:46 Illuminate\Notifications\Events\BroadcastNotificationCreated  2.62ms DONE
  2025-03-11 01:59:36 App\Jobs\ReloadApp ............................. RUNNING
  2025-03-11 01:59:36 App\Jobs\ReloadApp ........................ 22.69ms DONE
  2025-03-11 01:59:42 App\Jobs\ReloadApp ............................. RUNNING
  2025-03-11 01:59:42 App\Jobs\ReloadApp ........................ 12.71ms DONE
  2025-03-11 01:59:48 App\Jobs\ReloadApp ............................. RUNNING
  2025-03-11 01:59:48 App\Jobs\ReloadApp ........................ 18.75ms DONE

   INFO  Horizon started successfully.  

  2025-03-11 02:01:26 App\Jobs\RestartQueue .......................... RUNNING
  2025-03-11 02:01:26 App\Jobs\RestartQueue ..................... 44.25ms DONE

   INFO  Horizon started successfully.  

